<!DOCTYPE html PUBLIC "-//W3C//DTD XHTML 1.1//EN" "http://www.w3.org/TR/xhtml11/DTD/xhtml11.dtd">
<html xmlns="http://www.w3.org/1999/xhtml"><head><title>TestNG Report</title><style type="text/css">table {margin-bottom:10px;border-collapse:collapse;empty-cells:show}th,td {border:1px solid #009;padding:.25em .5em}th {vertical-align:bottom}td {vertical-align:top}table a {font-weight:bold}.stripe td {background-color: #E6EBF9}.num {text-align:right}.passedodd td {background-color: #3F3}.passedeven td {background-color: #0A0}.skippedodd td {background-color: #DDD}.skippedeven td {background-color: #CCC}.failedodd td,.attn {background-color: #F33}.failedeven td,.stripe .attn {background-color: #D00}.stacktrace {white-space:pre;font-family:monospace}.totop {font-size:85%;text-align:center;border-bottom:2px solid #000}</style></head><body><table><tr><th>Test</th><th># Passed</th><th># Skipped</th><th># Failed</th><th>Time (ms)</th><th>Included Groups</th><th>Excluded Groups</th></tr><tr><th colspan="7">XYZSuite1</th></tr><tr><td><a href="#t0">XYZ Bank Test Cases</a></td><td class="num">13</td><td class="num">0</td><td class="num attn">3</td><td class="num">114,215</td><td></td><td></td></tr></table><table id='summary'><thead><tr><th>Class</th><th>Method</th><th>Start</th><th>Time (ms)</th></tr></thead><tbody><tr><th colspan="4">XYZSuite1</th></tr></tbody><tbody id="t0"><tr><th colspan="4">XYZ Bank Test Cases &#8212; failed</th></tr><tr class="failedeven"><td rowspan="1">com.xyz.qa.testcases.AddCustomerPageTestnegative</td><td><a href="#m0">addcustomerttest</a></td><td rowspan="1">1709899104036</td><td rowspan="1">721</td></tr><tr class="failedodd"><td rowspan="1">com.xyz.qa.testcases.DepositPageTestnegative</td><td><a href="#m1">invaliddeposittets</a></td><td rowspan="1">1709899147503</td><td rowspan="1">22590</td></tr><tr class="failedeven"><td rowspan="1">com.xyz.qa.testcases.WithdrawlPageTestneagtive</td><td><a href="#m2">withdrawtestinvalidamount</a></td><td rowspan="1">1709899187643</td><td rowspan="1">20817</td></tr><tr><th colspan="4">XYZ Bank Test Cases &#8212; passed</th></tr><tr class="passedeven"><td rowspan="1">com.xyz.qa.testcases.AddCustomerPageTest</td><td><a href="#m3">addcustomerttest</a></td><td rowspan="1">1709899099074</td><td rowspan="1">788</td></tr><tr class="passedodd"><td rowspan="1">com.xyz.qa.testcases.BankManagerLoginPageTest</td><td><a href="#m4">bankmanagerloginpagetest</a></td><td rowspan="1">1709899138507</td><td rowspan="1">687</td></tr><tr class="passedeven"><td rowspan="1">com.xyz.qa.testcases.CustomerLoginPageTest</td><td><a href="#m5">customerloginpagetest</a></td><td rowspan="1">1709899113261</td><td rowspan="1">1544</td></tr><tr class="passedodd"><td rowspan="2">com.xyz.qa.testcases.DepositPageTest</td><td><a href="#m6">cuslgn</a></td><td rowspan="1">1709899122055</td><td rowspan="1">1392</td></tr><tr class="passedodd"><td><a href="#m7">deposittets</a></td><td rowspan="1">1709899172737</td><td rowspan="1">2400</td></tr><tr class="passedeven"><td rowspan="1">com.xyz.qa.testcases.DepositPageTestnegative</td><td><a href="#m8">cuslgn</a></td><td rowspan="1">1709899134436</td><td rowspan="1">1461</td></tr><tr class="passedodd"><td rowspan="3">com.xyz.qa.testcases.HomePageCheckingTest</td><td><a href="#m9">bankmanagerloginpage</a></td><td rowspan="1">1709899181945</td><td rowspan="1">728</td></tr><tr class="passedodd"><td><a href="#m10">customerloginpage</a></td><td rowspan="1">1709899178327</td><td rowspan="1">1122</td></tr><tr class="passedodd"><td><a href="#m11">loginPageTitleTest</a></td><td rowspan="1">1709899126753</td><td rowspan="1">8</td></tr><tr class="passedeven"><td rowspan="1">com.xyz.qa.testcases.OpenAccountPageTest</td><td><a href="#m12">addcustomerttest</a></td><td rowspan="1">1709899130354</td><td rowspan="1">855</td></tr><tr class="passedodd"><td rowspan="1">com.xyz.qa.testcases.TransactionPageTest</td><td><a href="#m13">transactionpagetest</a></td><td rowspan="1">1709899107941</td><td rowspan="1">2780</td></tr><tr class="passedeven"><td rowspan="2">com.xyz.qa.testcases.WithdrawlPageTest</td><td><a href="#m14">deposittest</a></td><td rowspan="1">1709899119010</td><td rowspan="1">526</td></tr><tr class="passedeven"><td><a href="#m15">withdrawtest</a></td><td rowspan="1">1709899143954</td><td rowspan="1">866</td></tr></tbody></table><h2>XYZ Bank Test Cases</h2><h3 id="m0">com.xyz.qa.testcases.AddCustomerPageTestnegative#addcustomerttest</h3><table class="result"><tr><th>Exception</th></tr><tr><td><div class="stacktrace">java.lang.AssertionError: expected [false] but found [true]
	at com.xyz.qa.testcases.AddCustomerPageTestnegative.addcustomerttest(AddCustomerPageTestnegative.java:36)
... Removed 29 stack frames</div></td></tr></table><p class="totop"><a href="#summary">back to summary</a></p><h3 id="m1">com.xyz.qa.testcases.DepositPageTestnegative#invaliddeposittets</h3><table class="result"><tr><th>Exception</th></tr><tr><td><div class="stacktrace">org.openqa.selenium.NoSuchElementException: no such element: Unable to locate element: {&quot;method&quot;:&quot;xpath&quot;,&quot;selector&quot;:&quot;//span[contains(text(),&apos;Deposit Successful&apos;)]&quot;}
  (Session info: chrome=122.0.6261.112)
For documentation on this error, please visit: http://seleniumhq.org/exceptions/no_such_element.html
Build info: version: &apos;3.14.0&apos;, revision: &apos;aacccce0&apos;, time: &apos;2018-08-02T20:19:58.91Z&apos;
System info: host: &apos;LAPTOP-3VRRLTE0&apos;, ip: &apos;192.168.0.101&apos;, os.name: &apos;Windows 11&apos;, os.arch: &apos;amd64&apos;, os.version: &apos;10.0&apos;, java.version: &apos;17.0.2&apos;
Driver info: org.openqa.selenium.chrome.ChromeDriver
Capabilities {acceptInsecureCerts: false, browserName: chrome, browserVersion: 122.0.6261.112, chrome: {chromedriverVersion: 122.0.6261.57 (87957e464700..., userDataDir: C:\Users\yuvia\AppData\Loca...}, fedcm:accounts: true, goog:chromeOptions: {debuggerAddress: localhost:51117}, javascriptEnabled: true, networkConnectionEnabled: false, pageLoadStrategy: normal, platform: WINDOWS, platformName: WINDOWS, proxy: Proxy(), setWindowRect: true, strictFileInteractability: false, timeouts: {implicit: 0, pageLoad: 300000, script: 30000}, unhandledPromptBehavior: dismiss and notify, webauthn:extension:credBlob: true, webauthn:extension:largeBlob: true, webauthn:extension:minPinLength: true, webauthn:extension:prf: true, webauthn:virtualAuthenticators: true}
Session ID: e2cfc79730614fe13315045fa60b016c
*** Element info: {Using=xpath, value=//span[contains(text(),&apos;Deposit Successful&apos;)]}
	at org.openqa.selenium.remote.http.W3CHttpResponseCodec.createException(W3CHttpResponseCodec.java:187)
	at org.openqa.selenium.remote.http.W3CHttpResponseCodec.decode(W3CHttpResponseCodec.java:122)
	at org.openqa.selenium.remote.http.W3CHttpResponseCodec.decode(W3CHttpResponseCodec.java:49)
	at org.openqa.selenium.remote.HttpCommandExecutor.execute(HttpCommandExecutor.java:158)
	at org.openqa.selenium.remote.service.DriverCommandExecutor.execute(DriverCommandExecutor.java:83)
	at org.openqa.selenium.remote.RemoteWebDriver.execute(RemoteWebDriver.java:548)
	at org.openqa.selenium.remote.RemoteWebDriver.findElement(RemoteWebDriver.java:322)
	at org.openqa.selenium.remote.RemoteWebDriver.findElementByXPath(RemoteWebDriver.java:424)
	at org.openqa.selenium.By$ByXPath.findElement(By.java:353)
	at org.openqa.selenium.remote.RemoteWebDriver.findElement(RemoteWebDriver.java:314)
	at org.openqa.selenium.support.events.EventFiringWebDriver.lambda$new$1(EventFiringWebDriver.java:105)
	at jdk.proxy2/jdk.proxy2.$Proxy10.findElement(Unknown Source)
	at org.openqa.selenium.support.events.EventFiringWebDriver.findElement(EventFiringWebDriver.java:194)
	at org.openqa.selenium.support.pagefactory.DefaultElementLocator.findElement(DefaultElementLocator.java:69)
	at org.openqa.selenium.support.pagefactory.internal.LocatingElementHandler.invoke(LocatingElementHandler.java:38)
	at jdk.proxy2/jdk.proxy2.$Proxy14.isDisplayed(Unknown Source)
	at com.xyz.qa.pages.DepositPage.msgtodisplay(DepositPage.java:89)
	at com.xyz.qa.testcases.DepositPageTestnegative.invaliddeposittets(DepositPageTestnegative.java:50)
... Removed 33 stack frames</div></td></tr></table><p class="totop"><a href="#summary">back to summary</a></p><h3 id="m2">com.xyz.qa.testcases.WithdrawlPageTestneagtive#withdrawtestinvalidamount</h3><table class="result"><tr><th>Exception</th></tr><tr><td><div class="stacktrace">org.openqa.selenium.NoSuchElementException: no such element: Unable to locate element: {&quot;method&quot;:&quot;xpath&quot;,&quot;selector&quot;:&quot;//span[contains(text(),&apos;Transaction Failed. You can not withdraw amount mo&apos;)]&quot;}
  (Session info: chrome=122.0.6261.112)
For documentation on this error, please visit: http://seleniumhq.org/exceptions/no_such_element.html
Build info: version: &apos;3.14.0&apos;, revision: &apos;aacccce0&apos;, time: &apos;2018-08-02T20:19:58.91Z&apos;
System info: host: &apos;LAPTOP-3VRRLTE0&apos;, ip: &apos;192.168.0.101&apos;, os.name: &apos;Windows 11&apos;, os.arch: &apos;amd64&apos;, os.version: &apos;10.0&apos;, java.version: &apos;17.0.2&apos;
Driver info: org.openqa.selenium.chrome.ChromeDriver
Capabilities {acceptInsecureCerts: false, browserName: chrome, browserVersion: 122.0.6261.112, chrome: {chromedriverVersion: 122.0.6261.57 (87957e464700..., userDataDir: C:\Users\yuvia\AppData\Loca...}, fedcm:accounts: true, goog:chromeOptions: {debuggerAddress: localhost:51213}, javascriptEnabled: true, networkConnectionEnabled: false, pageLoadStrategy: normal, platform: WINDOWS, platformName: WINDOWS, proxy: Proxy(), setWindowRect: true, strictFileInteractability: false, timeouts: {implicit: 0, pageLoad: 300000, script: 30000}, unhandledPromptBehavior: dismiss and notify, webauthn:extension:credBlob: true, webauthn:extension:largeBlob: true, webauthn:extension:minPinLength: true, webauthn:extension:prf: true, webauthn:virtualAuthenticators: true}
Session ID: 1c42492832c97454e1a2eaf38da7b3c1
*** Element info: {Using=xpath, value=//span[contains(text(),&apos;Transaction Failed. You can not withdraw amount mo&apos;)]}
	at org.openqa.selenium.remote.http.W3CHttpResponseCodec.createException(W3CHttpResponseCodec.java:187)
	at org.openqa.selenium.remote.http.W3CHttpResponseCodec.decode(W3CHttpResponseCodec.java:122)
	at org.openqa.selenium.remote.http.W3CHttpResponseCodec.decode(W3CHttpResponseCodec.java:49)
	at org.openqa.selenium.remote.HttpCommandExecutor.execute(HttpCommandExecutor.java:158)
	at org.openqa.selenium.remote.service.DriverCommandExecutor.execute(DriverCommandExecutor.java:83)
	at org.openqa.selenium.remote.RemoteWebDriver.execute(RemoteWebDriver.java:548)
	at org.openqa.selenium.remote.RemoteWebDriver.findElement(RemoteWebDriver.java:322)
	at org.openqa.selenium.remote.RemoteWebDriver.findElementByXPath(RemoteWebDriver.java:424)
	at org.openqa.selenium.By$ByXPath.findElement(By.java:353)
	at org.openqa.selenium.remote.RemoteWebDriver.findElement(RemoteWebDriver.java:314)
	at org.openqa.selenium.support.events.EventFiringWebDriver.lambda$new$1(EventFiringWebDriver.java:105)
	at jdk.proxy2/jdk.proxy2.$Proxy10.findElement(Unknown Source)
	at org.openqa.selenium.support.events.EventFiringWebDriver.findElement(EventFiringWebDriver.java:194)
	at org.openqa.selenium.support.pagefactory.DefaultElementLocator.findElement(DefaultElementLocator.java:69)
	at org.openqa.selenium.support.pagefactory.internal.LocatingElementHandler.invoke(LocatingElementHandler.java:38)
	at jdk.proxy2/jdk.proxy2.$Proxy14.isDisplayed(Unknown Source)
	at com.xyz.qa.pages.WithdrawlPage.msgtodisplay2(WithdrawlPage.java:59)
	at com.xyz.qa.testcases.WithdrawlPageTestneagtive.withdrawtestinvalidamount(WithdrawlPageTestneagtive.java:63)
... Removed 33 stack frames</div></td></tr></table><p class="totop"><a href="#summary">back to summary</a></p><h3 id="m3">com.xyz.qa.testcases.AddCustomerPageTest#addcustomerttest</h3><table class="result"></table><p class="totop"><a href="#summary">back to summary</a></p><h3 id="m4">com.xyz.qa.testcases.BankManagerLoginPageTest#bankmanagerloginpagetest</h3><table class="result"></table><p class="totop"><a href="#summary">back to summary</a></p><h3 id="m5">com.xyz.qa.testcases.CustomerLoginPageTest#customerloginpagetest</h3><table class="result"></table><p class="totop"><a href="#summary">back to summary</a></p><h3 id="m6">com.xyz.qa.testcases.DepositPageTest#cuslgn</h3><table class="result"></table><p class="totop"><a href="#summary">back to summary</a></p><h3 id="m7">com.xyz.qa.testcases.DepositPageTest#deposittets</h3><table class="result"></table><p class="totop"><a href="#summary">back to summary</a></p><h3 id="m8">com.xyz.qa.testcases.DepositPageTestnegative#cuslgn</h3><table class="result"></table><p class="totop"><a href="#summary">back to summary</a></p><h3 id="m9">com.xyz.qa.testcases.HomePageCheckingTest#bankmanagerloginpage</h3><table class="result"></table><p class="totop"><a href="#summary">back to summary</a></p><h3 id="m10">com.xyz.qa.testcases.HomePageCheckingTest#customerloginpage</h3><table class="result"></table><p class="totop"><a href="#summary">back to summary</a></p><h3 id="m11">com.xyz.qa.testcases.HomePageCheckingTest#loginPageTitleTest</h3><table class="result"></table><p class="totop"><a href="#summary">back to summary</a></p><h3 id="m12">com.xyz.qa.testcases.OpenAccountPageTest#addcustomerttest</h3><table class="result"></table><p class="totop"><a href="#summary">back to summary</a></p><h3 id="m13">com.xyz.qa.testcases.TransactionPageTest#transactionpagetest</h3><table class="result"></table><p class="totop"><a href="#summary">back to summary</a></p><h3 id="m14">com.xyz.qa.testcases.WithdrawlPageTest#deposittest</h3><table class="result"></table><p class="totop"><a href="#summary">back to summary</a></p><h3 id="m15">com.xyz.qa.testcases.WithdrawlPageTest#withdrawtest</h3><table class="result"></table><p class="totop"><a href="#summary">back to summary</a></p></body></html>